2011/09/27 17:49:35 [error] [exception.CHttpException.404] exception 'CHttpException' with message 'The system is unable to find the requested action "index-test.php".' in D:\web\htdocs\yiitest\framework\web\CController.php:477
Stack trace:
#0 D:\web\htdocs\yiitest\framework\web\CController.php(262): CController->missingAction('index-test.php')
#1 D:\web\htdocs\yiitest\framework\web\CWebApplication.php(277): CController->run('index-test.php')
#2 D:\web\htdocs\yiitest\framework\web\CWebApplication.php(136): CWebApplication->runController('post/index-test...')
#3 D:\web\htdocs\yiitest\framework\base\CApplication.php(158): CWebApplication->processRequest()
#4 D:\web\htdocs\yiitest\index.php(11): CApplication->run()
#5 {main} REQUEST_URI=/yiitest/index.php/post/index-test.php
2012/06/06 08:53:22 [error] [exception.CHttpException.404] exception 'CHttpException' with message 'Unable to resolve the request "blog".' in D:\web\htdocs\yiitest\framework\web\CWebApplication.php:281
Stack trace:
#0 D:\web\htdocs\yiitest\framework\web\CWebApplication.php(136): CWebApplication->runController('blog')
#1 D:\web\htdocs\yiitest\framework\base\CApplication.php(158): CWebApplication->processRequest()
#2 D:\web\htdocs\yiitest\index-test.php(15): CApplication->run()
#3 {main} REQUEST_URI=/yiitest/index-test.php/blog
2013/03/21 11:02:45 [error] [php] mail() [<a href='function.mail'>function.mail</a>]: Failed to connect to mailserver at &quot;localhost&quot; port 25, verify your &quot;SMTP&quot; and &quot;smtp_port&quot; setting in php.ini or use ini_set() (D:\project\php\yiiwebsoul\protected\controllers\SiteController.php:52)
Stack trace:
#0 D:\project\php\yiiwebsoul\framework\web\CController.php(300): CInlineAction->runWithParams()
#1 D:\project\php\yiiwebsoul\framework\web\CController.php(278): SiteController->runAction()
#2 D:\project\php\yiiwebsoul\framework\web\CController.php(257): SiteController->runActionWithFilters()
#3 D:\project\php\yiiwebsoul\framework\web\CWebApplication.php(277): SiteController->run()
#4 D:\project\php\yiiwebsoul\framework\web\CWebApplication.php(136): CWebApplication->runController()
#5 D:\project\php\yiiwebsoul\framework\base\CApplication.php(158): CWebApplication->processRequest()
#6 D:\project\php\yiiwebsoul\index.php(11): CWebApplication->run()
REQUEST_URI=/yiiwebsoul/index.php/site/contact
